<?xml version="1.0" encoding="UTF-8"?>
<!-- Generated by org.testng.reporters.JUnitXMLReporter -->
<testsuite ignored="0" hostname="LAPTOP-39100DHL" failures="0" tests="5" name="Default test" time="1.006" errors="0" timestamp="2023-10-29T21:28:27 IST">
  <testcase classname="Excel.Demo" name="loginTest" time="0.011"/>
  <testcase classname="Excel.Demo" name="loginTest" time="0.002"/>
  <testcase classname="Excel.Demo" name="loginTest" time="0.002"/>
  <testcase classname="Excel.Demo" name="loginTest" time="0.002"/>
  <testcase classname="Excel.Demo" name="loginTest" time="0.002"/>
</testsuite> <!-- Default test -->
